<?xml version="1.0" encoding="UTF-8"?>
<!-- Generated by org.testng.reporters.JUnitReportReporter -->
<testsuite hostname="LAPTOP-5IRFS08T" failures="0" tests="1" name="org.ktm.Practice" time="1.718" errors="0" timestamp="03 Apr 2021 06:03:44 GMT" skipped="0">
  <testcase classname="org.ktm.Practice" name="tc1" time="1.718"/>
</testsuite> <!-- org.ktm.Practice -->
