<?xml version="1.0" encoding="UTF-8"?>
<!-- Generated by org.testng.reporters.JUnitReportReporter -->
<testsuite hostname="LAPTOP-5IRFS08T" failures="0" tests="2" name="org.ktm.PracticeSuite" time="0.016" errors="0" timestamp="04 Apr 2021 09:10:30 GMT" skipped="0">
  <testcase classname="org.ktm.PracticeSuite" name="test11" time="0.006"/>
  <testcase classname="org.ktm.PracticeSuite" name="test33" time="0.010"/>
</testsuite> <!-- org.ktm.PracticeSuite -->
