<?xml version="1.0" encoding="UTF-8"?>
<!-- Generated by org.testng.reporters.JUnitReportReporter -->
<testsuite hostname="LAPTOP-5IRFS08T" failures="0" tests="3" name="org.ktm.Priority" time="0.028" errors="0" timestamp="04 Apr 2021 09:10:30 GMT" skipped="0">
  <testcase classname="org.ktm.Priority" name="test4" time="0.007"/>
  <testcase classname="org.ktm.Priority" name="test3" time="0.002"/>
  <testcase classname="org.ktm.Priority" name="test1" time="0.019"/>
</testsuite> <!-- org.ktm.Priority -->
