<?xml version="1.0" encoding="UTF-8"?>
<!-- Generated by org.testng.reporters.JUnitReportReporter -->
<testsuite hostname="LAPTOP-5IRFS08T" failures="0" tests="2" name="org.ktm.PracticeSuite1" time="0.016" errors="0" timestamp="04 Apr 2021 09:10:30 GMT" skipped="0">
  <testcase classname="org.ktm.PracticeSuite1" name="test111" time="0.008"/>
  <testcase classname="org.ktm.PracticeSuite1" name="test222" time="0.008"/>
</testsuite> <!-- org.ktm.PracticeSuite1 -->
